<?xml version="1.0" encoding="UTF-8"?>
<!-- Generated by org.testng.reporters.JUnitReportReporter -->
<testsuite hostname="DESKTOP-1SP7PAC" failures="0" tests="1" name="LoginTests.LoginTest" time="1.182" errors="0" timestamp="22 mar 2021 18:57:29 GMT" skipped="0">
  <testcase classname="LoginTests.LoginTest" name="testSuccessfulLogin" time="1.182"/>
</testsuite> <!-- LoginTests.LoginTest -->
